<?xml version="1.0" encoding="UTF-8"?>
<testng-results ignored="0" total="1" passed="1" failed="0" skipped="0">
  <reporter-output>
  </reporter-output>
  <suite started-at="2022-03-25T10:55:11 IST" name="Default suite" finished-at="2022-03-25T10:55:26 IST" duration-ms="15300">
    <groups>
    </groups>
    <test started-at="2022-03-25T10:55:11 IST" name="Default test" finished-at="2022-03-25T10:55:26 IST" duration-ms="15300">
      <class name="test.LoginTest">
        <test-method signature="loginTest()[pri:0, instance:test.LoginTest@6283d8b8]" started-at="2022-03-25T10:55:11 IST" name="loginTest" finished-at="2022-03-25T10:55:26 IST" duration-ms="15264" status="PASS">
          <reporter-output>
          </reporter-output>
        </test-method> <!-- loginTest -->
      </class> <!-- test.LoginTest -->
    </test> <!-- Default test -->
  </suite> <!-- Default suite -->
</testng-results>
